x264 configure script
Command line options: "--host=i386-apple-darwin" "--prefix=build/i386" "--sysroot=/Applications/Xcode.app/Contents/Developer/Platforms/iPhoneSimulator.platform/Developer/SDKs/iPhoneSimulator6.1.sdk" "--extra-cflags=-arch" "i386" "--extra-ldflags=-L/Applications/Xcode.app/Contents/Developer/Platforms/iPhoneSimulator.platform/Developer/SDKs/iPhoneSimulator6.1.sdk/usr/lib/system" "-arch" "i386" "--enable-pic" "--disable-shared" "--enable-static"

checking whether /Applications/Xcode.app/Contents/Developer/Platforms/iPhoneSimulator.platform/Developer/usr/bin/gcc works... yes
checking whether /Applications/Xcode.app/Contents/Developer/Platforms/iPhoneSimulator.platform/Developer/usr/bin/gcc supports for( int i = 0; i < 9; i++ ); with -std=gnu99... yes
checking whether yasm supports vpmovzxwd ymm0, xmm0... yes
checking whether /Applications/Xcode.app/Contents/Developer/Platforms/iPhoneSimulator.platform/Developer/usr/bin/gcc supports __asm__("pabsw %xmm0, %xmm0");... yes
checking for pthread.h... yes
checking for return log2f(2); in math.h... yes
checking for sws_init_context(0,0,0); in libswscale/swscale.h... no
Failed commandline was:
--------------------------------------------------
/Applications/Xcode.app/Contents/Developer/Platforms/iPhoneSimulator.platform/Developer/usr/bin/gcc conftest.c -m32  -Wall -I. -I$(SRCPATH) --sysroot=/Applications/Xcode.app/Contents/Developer/Platforms/iPhoneSimulator.platform/Developer/SDKs/iPhoneSimulator6.1.sdk -arch i386 -falign-loops=16 -march=i686 -mfpmath=sse -msse -std=gnu99  -lswscale -lavutil  -m32  --sysroot=/Applications/Xcode.app/Contents/Developer/Platforms/iPhoneSimulator.platform/Developer/SDKs/iPhoneSimulator6.1.sdk -L/Applications/Xcode.app/Contents/Developer/Platforms/iPhoneSimulator.platform/Developer/SDKs/iPhoneSimulator6.1.sdk/usr/lib/system -arch i386 -lm -lpthread -o conftest
conftest.c:1:32: error: libswscale/swscale.h: No such file or directory
conftest.c: In function ‘main’:
conftest.c:2: warning: implicit declaration of function ‘sws_init_context’
--------------------------------------------------
Failed program was:
--------------------------------------------------
#include <libswscale/swscale.h>
int main () { sws_init_context(0,0,0); return 0; }
--------------------------------------------------
checking for -lpostproc... no
Failed commandline was:
--------------------------------------------------
/Applications/Xcode.app/Contents/Developer/Platforms/iPhoneSimulator.platform/Developer/usr/bin/gcc conftest.c -m32  -Wall -I. -I$(SRCPATH) --sysroot=/Applications/Xcode.app/Contents/Developer/Platforms/iPhoneSimulator.platform/Developer/SDKs/iPhoneSimulator6.1.sdk -arch i386 -falign-loops=16 -march=i686 -mfpmath=sse -msse -std=gnu99 -lpostproc  -m32  --sysroot=/Applications/Xcode.app/Contents/Developer/Platforms/iPhoneSimulator.platform/Developer/SDKs/iPhoneSimulator6.1.sdk -L/Applications/Xcode.app/Contents/Developer/Platforms/iPhoneSimulator.platform/Developer/SDKs/iPhoneSimulator6.1.sdk/usr/lib/system -arch i386 -lm -lpthread -o conftest
ld: library not found for -lpostproc
collect2: ld returned 1 exit status
--------------------------------------------------
Failed program was:
--------------------------------------------------
int main () {  return 0; }
--------------------------------------------------
checking for -lavcodec... yes
checking for -lavcore... no
Failed commandline was:
--------------------------------------------------
/Applications/Xcode.app/Contents/Developer/Platforms/iPhoneSimulator.platform/Developer/usr/bin/gcc conftest.c -m32  -Wall -I. -I$(SRCPATH) --sysroot=/Applications/Xcode.app/Contents/Developer/Platforms/iPhoneSimulator.platform/Developer/SDKs/iPhoneSimulator6.1.sdk -arch i386 -falign-loops=16 -march=i686 -mfpmath=sse -msse -std=gnu99 -lavcore  -m32  --sysroot=/Applications/Xcode.app/Contents/Developer/Platforms/iPhoneSimulator.platform/Developer/SDKs/iPhoneSimulator6.1.sdk -L/Applications/Xcode.app/Contents/Developer/Platforms/iPhoneSimulator.platform/Developer/SDKs/iPhoneSimulator6.1.sdk/usr/lib/system -arch i386 -lm -lpthread -o conftest
ld: library not found for -lavcore
collect2: ld returned 1 exit status
--------------------------------------------------
Failed program was:
--------------------------------------------------
int main () {  return 0; }
--------------------------------------------------
checking for -lswscale... yes
checking for -lavutil... yes
checking for -lm... yes
checking for -lz... yes
checking for -lbz2... yes
checking for -lpthread... yes
checking for -lavifil32... no
Failed commandline was:
--------------------------------------------------
/Applications/Xcode.app/Contents/Developer/Platforms/iPhoneSimulator.platform/Developer/usr/bin/gcc conftest.c -m32  -Wall -I. -I$(SRCPATH) --sysroot=/Applications/Xcode.app/Contents/Developer/Platforms/iPhoneSimulator.platform/Developer/SDKs/iPhoneSimulator6.1.sdk -arch i386 -falign-loops=16 -march=i686 -mfpmath=sse -msse -std=gnu99 -lavifil32  -m32  --sysroot=/Applications/Xcode.app/Contents/Developer/Platforms/iPhoneSimulator.platform/Developer/SDKs/iPhoneSimulator6.1.sdk -L/Applications/Xcode.app/Contents/Developer/Platforms/iPhoneSimulator.platform/Developer/SDKs/iPhoneSimulator6.1.sdk/usr/lib/system -arch i386 -lm -lpthread -o conftest
ld: library not found for -lavifil32
collect2: ld returned 1 exit status
--------------------------------------------------
Failed program was:
--------------------------------------------------
int main () {  return 0; }
--------------------------------------------------
checking for avformat_close_input(0); in libavformat/avformat.h... no
Failed commandline was:
--------------------------------------------------
/Applications/Xcode.app/Contents/Developer/Platforms/iPhoneSimulator.platform/Developer/usr/bin/gcc conftest.c -m32  -Wall -I. -I$(SRCPATH) --sysroot=/Applications/Xcode.app/Contents/Developer/Platforms/iPhoneSimulator.platform/Developer/SDKs/iPhoneSimulator6.1.sdk -arch i386 -falign-loops=16 -march=i686 -mfpmath=sse -msse -std=gnu99  -L. -lavformat -lavcodec -lswscale -lavutil -lm -lz -lbz2 -lpthread  -m32  --sysroot=/Applications/Xcode.app/Contents/Developer/Platforms/iPhoneSimulator.platform/Developer/SDKs/iPhoneSimulator6.1.sdk -L/Applications/Xcode.app/Contents/Developer/Platforms/iPhoneSimulator.platform/Developer/SDKs/iPhoneSimulator6.1.sdk/usr/lib/system -arch i386 -lm -lpthread -o conftest
conftest.c:1:34: error: libavformat/avformat.h: No such file or directory
conftest.c: In function ‘main’:
conftest.c:2: warning: implicit declaration of function ‘avformat_close_input’
--------------------------------------------------
Failed program was:
--------------------------------------------------
#include <libavformat/avformat.h>
int main () { avformat_close_input(0); return 0; }
--------------------------------------------------
checking for FFMS_DestroyVideoSource(0); in ffms.h... no
Failed commandline was:
--------------------------------------------------
/Applications/Xcode.app/Contents/Developer/Platforms/iPhoneSimulator.platform/Developer/usr/bin/gcc conftest.c -m32  -Wall -I. -I$(SRCPATH) --sysroot=/Applications/Xcode.app/Contents/Developer/Platforms/iPhoneSimulator.platform/Developer/SDKs/iPhoneSimulator6.1.sdk -arch i386 -falign-loops=16 -march=i686 -mfpmath=sse -msse -std=gnu99  -lffms2  -m32  --sysroot=/Applications/Xcode.app/Contents/Developer/Platforms/iPhoneSimulator.platform/Developer/SDKs/iPhoneSimulator6.1.sdk -L/Applications/Xcode.app/Contents/Developer/Platforms/iPhoneSimulator.platform/Developer/SDKs/iPhoneSimulator6.1.sdk/usr/lib/system -arch i386 -lm -lpthread -o conftest
conftest.c:1:18: error: ffms.h: No such file or directory
conftest.c: In function ‘main’:
conftest.c:2: warning: implicit declaration of function ‘FFMS_DestroyVideoSource’
--------------------------------------------------
Failed program was:
--------------------------------------------------
#include <ffms.h>
int main () { FFMS_DestroyVideoSource(0); return 0; }
--------------------------------------------------
checking for FFMS_DestroyVideoSource(0); in ffms.h... no
Failed commandline was:
--------------------------------------------------
/Applications/Xcode.app/Contents/Developer/Platforms/iPhoneSimulator.platform/Developer/usr/bin/gcc conftest.c -m32  -Wall -I. -I$(SRCPATH) --sysroot=/Applications/Xcode.app/Contents/Developer/Platforms/iPhoneSimulator.platform/Developer/SDKs/iPhoneSimulator6.1.sdk -arch i386 -falign-loops=16 -march=i686 -mfpmath=sse -msse -std=gnu99  -lffms2 -lstdc++ -L. -lavformat -lavcodec -lswscale -lavutil -lm -lz -lbz2 -lpthread  -m32  --sysroot=/Applications/Xcode.app/Contents/Developer/Platforms/iPhoneSimulator.platform/Developer/SDKs/iPhoneSimulator6.1.sdk -L/Applications/Xcode.app/Contents/Developer/Platforms/iPhoneSimulator.platform/Developer/SDKs/iPhoneSimulator6.1.sdk/usr/lib/system -arch i386 -lm -lpthread -o conftest
conftest.c:1:18: error: ffms.h: No such file or directory
conftest.c: In function ‘main’:
conftest.c:2: warning: implicit declaration of function ‘FFMS_DestroyVideoSource’
--------------------------------------------------
Failed program was:
--------------------------------------------------
#include <ffms.h>
int main () { FFMS_DestroyVideoSource(0); return 0; }
--------------------------------------------------
checking for -lz... yes
checking for gpac/isomedia.h... no
Failed commandline was:
--------------------------------------------------
/Applications/Xcode.app/Contents/Developer/Platforms/iPhoneSimulator.platform/Developer/usr/bin/gcc conftest.c -m32  -Wall -I. -I$(SRCPATH) --sysroot=/Applications/Xcode.app/Contents/Developer/Platforms/iPhoneSimulator.platform/Developer/SDKs/iPhoneSimulator6.1.sdk -arch i386 -falign-loops=16 -march=i686 -mfpmath=sse -msse -std=gnu99 -lgpac_static -lz  -m32  --sysroot=/Applications/Xcode.app/Contents/Developer/Platforms/iPhoneSimulator.platform/Developer/SDKs/iPhoneSimulator6.1.sdk -L/Applications/Xcode.app/Contents/Developer/Platforms/iPhoneSimulator.platform/Developer/SDKs/iPhoneSimulator6.1.sdk/usr/lib/system -arch i386 -lm -lpthread -o conftest
conftest.c:1:27: error: gpac/isomedia.h: No such file or directory
--------------------------------------------------
Failed program was:
--------------------------------------------------
#include <gpac/isomedia.h>
int main () {  return 0; }
--------------------------------------------------
checking for uint32_t test_vec __attribute__ ((vector_size (16))) = {0,1,2,3}; in stdint.h... yes
checking for stdio.h... no
Failed commandline was:
--------------------------------------------------
/Applications/Xcode.app/Contents/Developer/Platforms/iPhoneSimulator.platform/Developer/usr/bin/gcc conftest.c -m32  -Wall -I. -I$(SRCPATH) --sysroot=/Applications/Xcode.app/Contents/Developer/Platforms/iPhoneSimulator.platform/Developer/SDKs/iPhoneSimulator6.1.sdk -arch i386 -falign-loops=16 -march=i686 -mfpmath=sse -msse -std=gnu99 -fPIC -shared -Wl,-Bsymbolic -ldl  -m32  --sysroot=/Applications/Xcode.app/Contents/Developer/Platforms/iPhoneSimulator.platform/Developer/SDKs/iPhoneSimulator6.1.sdk -L/Applications/Xcode.app/Contents/Developer/Platforms/iPhoneSimulator.platform/Developer/SDKs/iPhoneSimulator6.1.sdk/usr/lib/system -arch i386 -lm -lpthread -o conftest
ld: unknown option: -Bsymbolic
collect2: ld returned 1 exit status
--------------------------------------------------
Failed program was:
--------------------------------------------------
#include <stdio.h>
int main () {  return 0; }
--------------------------------------------------
checking for -fno-tree-vectorize... yes
checking for fseeko(stdin,0,0); in stdio.h... yes
checking for -Wshadow... yes

platform:      X86
system:        MACOSX
cli:           yes
libx264:       internal
shared:        no
static:        yes
asm:           yes
interlaced:    yes
avs:           avxsynth
lavf:          no
ffms:          no
gpac:          no
gpl:           yes
thread:        posix
filters:       crop select_every 
debug:         no
gprof:         no
strip:         no
PIC:           yes
visualize:     no
bit depth:     8
chroma format: all
